ex.lnk(1): Error! E1022: Missing or misspelled data type near 'option'
ex.lnk(2): Error! E1022: Missing or misspelled data type near 'map'
ex.lnk(2): Error! E1022: Missing or misspelled data type near 'option'
ex.lnk(3): Error! E1022: Missing or misspelled data type near 'symfile'
ex.lnk(3): Error! E1022: Missing or misspelled data type near 'option'
ex.lnk(4): Error! E1022: Missing or misspelled data type near 'verbose'
ex.lnk(4): Error! E1022: Missing or misspelled data type near 'option'
ex.lnk(5): Error! E1022: Missing or misspelled data type near 'nocaseexact'
ex.lnk(5): Error! E1022: Missing or misspelled data type near 'option'
ex.lnk(5): Warning! W132: No storage class or type specified
ex.lnk(6): Error! E1011: Symbol 'entry' has not been declared
ex.lnk(6): Error! E1054: Expression must be constant
ex.lnk(6): Error! E1009: Expecting ';' but found 'name'
ex.lnk(6): Error! E1022: Missing or misspelled data type near 'name'
ex.lnk(6): Warning! W132: No storage class or type specified
ex.lnk(6): Error! E1009: Expecting ';' but found '.'
ex.lnk(6): Error! E1061: Expecting data or function declaration, but found '.'
ex.lnk(7): Error! E1022: Missing or misspelled data type near 'exe'
ex.lnk(7): Error! E1022: Missing or misspelled data type near 'format'
ex.lnk(8): Error! E1022: Missing or misspelled data type near 'dos'
ex.lnk(8): Error! E1022: Missing or misspelled data type near 'file'
ex.lnk(8): Warning! W132: No storage class or type specified
ex.lnk(8): Error! E1009: Expecting ';' but found '.'
ex.lnk(8): Error! E1147: Too many errors: compilation aborted
